2016-11-11 9:13:41 - PHP Notice:  Undefined variable: datahiopencart in /home/qman/NetBeansProjects/code/PhpProject1/opencart/catalog/view/theme/default/template/common/testweb.tpl on line 8
2016-11-14 2:38:18 - PHP Warning:  mysqli::query(): MySQL server has gone away in /home/qman/NetBeansProjects/code/PhpProject1/opencart/system/library/db/mysqli.php on line 18
2016-11-14 2:38:18 - PHP Warning:  mysqli::query(): Error reading result set's header in /home/qman/NetBeansProjects/code/PhpProject1/opencart/system/library/db/mysqli.php on line 18
2016-11-14 3:55:51 - PHP Notice:  Use of undefined constant aaa - assumed 'aaa' in /home/qman/NetBeansProjects/code/PhpProject1/opencart/catalog/controller/common/testweb.php on line 25
2016-11-14 6:21:13 - PHP Warning:  Invalid argument supplied for foreach() in /home/qman/NetBeansProjects/code/PhpProject1/opencart/system/engine/loader.php on line 83
2016-11-14 6:31:59 - PHP Warning:  Invalid argument supplied for foreach() in /home/qman/NetBeansProjects/code/PhpProject1/opencart/system/engine/loader.php on line 53
2016-11-14 6:44:43 - PHP Warning:  Invalid argument supplied for foreach() in /home/qman/NetBeansProjects/code/PhpProject1/opencart/system/engine/loader.php on line 83
2016-11-14 6:44:43 - PHP Notice:  Undefined variable: test in /home/qman/NetBeansProjects/code/PhpProject1/opencart/catalog/view/theme/default/template/mytest/mytest.tpl on line 9
2016-11-14 6:55:34 - PHP Warning:  Invalid argument supplied for foreach() in /home/qman/NetBeansProjects/code/PhpProject1/opencart/system/engine/loader.php on line 83
2016-11-14 6:55:34 - PHP Notice:  Undefined variable: test in /home/qman/NetBeansProjects/code/PhpProject1/opencart/catalog/view/theme/default/template/mytest/mytest.tpl on line 9
2016-11-14 6:55:37 - PHP Warning:  Invalid argument supplied for foreach() in /home/qman/NetBeansProjects/code/PhpProject1/opencart/system/engine/loader.php on line 83
2016-11-14 6:55:37 - PHP Notice:  Undefined variable: test in /home/qman/NetBeansProjects/code/PhpProject1/opencart/catalog/view/theme/default/template/mytest/mytest.tpl on line 9
2016-11-14 6:56:24 - PHP Warning:  Invalid argument supplied for foreach() in /home/qman/NetBeansProjects/code/PhpProject1/opencart/system/engine/loader.php on line 83
2016-11-14 6:56:24 - PHP Notice:  Undefined variable: test in /home/qman/NetBeansProjects/code/PhpProject1/opencart/catalog/view/theme/default/template/mytest/mytest.tpl on line 9
2016-11-14 6:57:35 - PHP Notice:  Undefined variable: test in /home/qman/NetBeansProjects/code/PhpProject1/opencart/catalog/view/theme/default/template/mytest/mytest.tpl on line 9
2016-11-14 6:58:03 - PHP Warning:  Invalid argument supplied for foreach() in /home/qman/NetBeansProjects/code/PhpProject1/opencart/system/engine/loader.php on line 83
2016-11-14 6:58:03 - PHP Notice:  Undefined variable: test in /home/qman/NetBeansProjects/code/PhpProject1/opencart/catalog/view/theme/default/template/mytest/mytest.tpl on line 9
2016-11-14 6:58:28 - PHP Notice:  Undefined variable: test in /home/qman/NetBeansProjects/code/PhpProject1/opencart/catalog/view/theme/default/template/mytest/mytest.tpl on line 9
2016-11-14 7:02:14 - PHP Notice:  Undefined variable: test in /home/qman/NetBeansProjects/code/PhpProject1/opencart/catalog/view/theme/default/template/mytest/mytest.tpl on line 9
2016-11-14 7:06:57 - PHP Notice:  Undefined variable: test in /home/qman/NetBeansProjects/code/PhpProject1/opencart/catalog/view/theme/default/template/mytest/mytest.tpl on line 9
2016-11-14 7:08:04 - PHP Notice:  Undefined variable: test in /home/qman/NetBeansProjects/code/PhpProject1/opencart/catalog/view/theme/default/template/mytest/mytest.tpl on line 9
2016-11-14 7:15:12 - PHP Notice:  Undefined variable: test in /home/qman/NetBeansProjects/code/PhpProject1/opencart/catalog/view/theme/default/template/mytest/mytest.tpl on line 9
2016-11-14 7:15:23 - PHP Notice:  Undefined variable: test in /home/qman/NetBeansProjects/code/PhpProject1/opencart/catalog/view/theme/default/template/mytest/mytest.tpl on line 9
2016-11-14 7:15:55 - PHP Notice:  Undefined variable: test in /home/qman/NetBeansProjects/code/PhpProject1/opencart/catalog/view/theme/default/template/mytest/mytest.tpl on line 10
2016-11-14 7:16:14 - PHP Notice:  Undefined variable: test in /home/qman/NetBeansProjects/code/PhpProject1/opencart/catalog/controller/mytest/mytest.php on line 7
2016-11-14 7:16:14 - PHP Notice:  Undefined variable: test in /home/qman/NetBeansProjects/code/PhpProject1/opencart/catalog/view/theme/default/template/mytest/mytest.tpl on line 10
2016-11-14 7:16:26 - PHP Notice:  Undefined variable: test in /home/qman/NetBeansProjects/code/PhpProject1/opencart/catalog/controller/mytest/mytest.php on line 7
2016-11-14 7:17:27 - PHP Notice:  Undefined variable: test in /home/qman/NetBeansProjects/code/PhpProject1/opencart/catalog/controller/mytest/mytest.php on line 8
2016-11-14 7:17:27 - PHP Warning:  Invalid argument supplied for foreach() in /home/qman/NetBeansProjects/code/PhpProject1/opencart/system/engine/loader.php on line 83
2016-11-14 7:17:27 - PHP Notice:  Undefined variable: data in /home/qman/NetBeansProjects/code/PhpProject1/opencart/catalog/view/theme/default/template/mytest/mytest.tpl on line 9
2016-11-14 7:17:27 - PHP Notice:  Undefined variable: test in /home/qman/NetBeansProjects/code/PhpProject1/opencart/catalog/view/theme/default/template/mytest/mytest.tpl on line 10
2016-11-14 7:18:24 - PHP Notice:  Undefined variable: test in /home/qman/NetBeansProjects/code/PhpProject1/opencart/catalog/controller/mytest/mytest.php on line 7
2016-11-14 7:18:24 - PHP Warning:  Invalid argument supplied for foreach() in /home/qman/NetBeansProjects/code/PhpProject1/opencart/system/engine/loader.php on line 83
2016-11-14 7:18:24 - PHP Notice:  Undefined variable: data in /home/qman/NetBeansProjects/code/PhpProject1/opencart/catalog/view/theme/default/template/mytest/mytest.tpl on line 9
2016-11-14 7:18:24 - PHP Notice:  Undefined variable: test in /home/qman/NetBeansProjects/code/PhpProject1/opencart/catalog/view/theme/default/template/mytest/mytest.tpl on line 10
2016-11-14 7:18:34 - PHP Notice:  Undefined variable: test in /home/qman/NetBeansProjects/code/PhpProject1/opencart/catalog/controller/mytest/mytest.php on line 7
2016-11-14 7:19:04 - PHP Notice:  Undefined variable: test in /home/qman/NetBeansProjects/code/PhpProject1/opencart/catalog/view/theme/default/template/mytest/mytest.tpl on line 10
2016-11-14 7:19:27 - PHP Notice:  Undefined variable: test in /home/qman/NetBeansProjects/code/PhpProject1/opencart/catalog/controller/mytest/mytest.php on line 7
2016-11-14 7:19:40 - PHP Notice:  Undefined variable: test in /home/qman/NetBeansProjects/code/PhpProject1/opencart/catalog/controller/mytest/mytest.php on line 7
2016-11-14 7:19:54 - PHP Notice:  Undefined variable: test in /home/qman/NetBeansProjects/code/PhpProject1/opencart/catalog/controller/mytest/mytest.php on line 7
2016-11-14 7:59:49 - PHP Notice:  Undefined variable: data in /home/qman/NetBeansProjects/code/PhpProject1/opencart/catalog/view/theme/default/template/mytest/mytest.tpl on line 9
2016-11-14 7:59:49 - PHP Notice:  Undefined variable: test in /home/qman/NetBeansProjects/code/PhpProject1/opencart/catalog/view/theme/default/template/mytest/mytest.tpl on line 10
2016-11-14 8:00:05 - PHP Notice:  Undefined variable: test in /home/qman/NetBeansProjects/code/PhpProject1/opencart/catalog/view/theme/default/template/mytest/mytest.tpl on line 10
2016-11-15 5:37:09 - PHP Notice:  Error: Could not load template /home/qman/NetBeansProjects/code/PhpProject1/opencart/catalog/view/theme/common/column_left.tpl! in /home/qman/NetBeansProjects/code/PhpProject1/opencart/system/library/template/php.php on line 23
2016-11-15 5:37:10 - PHP Notice:  Error: Could not load template /home/qman/NetBeansProjects/code/PhpProject1/opencart/catalog/view/theme/common/column_left.tpl! in /home/qman/NetBeansProjects/code/PhpProject1/opencart/system/library/template/php.php on line 23
2016-11-15 5:37:10 - PHP Notice:  Error: Could not load template /home/qman/NetBeansProjects/code/PhpProject1/opencart/catalog/view/theme/common/column_left.tpl! in /home/qman/NetBeansProjects/code/PhpProject1/opencart/system/library/template/php.php on line 23
2016-11-15 5:50:03 - PHP Notice:  Error: Could not load template /home/qman/NetBeansProjects/code/PhpProject1/opencart/catalog/view/theme/common/column_left.tpl! in /home/qman/NetBeansProjects/code/PhpProject1/opencart/system/library/template/php.php on line 23
2016-11-15 6:32:14 - PHP Notice:  Undefined index: token in /home/qman/NetBeansProjects/code/PhpProject1/opencart/mobile/controller/error/not_found.php on line 16
2016-11-15 6:32:14 - PHP Notice:  Undefined index: token in /home/qman/NetBeansProjects/code/PhpProject1/opencart/mobile/controller/error/not_found.php on line 21
2016-11-15 6:32:31 - PHP Notice:  Undefined index: token in /home/qman/NetBeansProjects/code/PhpProject1/opencart/mobile/controller/error/not_found.php on line 16
2016-11-15 6:32:31 - PHP Notice:  Undefined index: token in /home/qman/NetBeansProjects/code/PhpProject1/opencart/mobile/controller/error/not_found.php on line 21
2016-11-15 6:42:00 - PHP Notice:  Undefined index: token in /home/qman/NetBeansProjects/code/PhpProject1/opencart/mobile/controller/error/not_found.php on line 16
2016-11-15 6:42:00 - PHP Notice:  Undefined index: token in /home/qman/NetBeansProjects/code/PhpProject1/opencart/mobile/controller/error/not_found.php on line 21
2016-11-15 6:42:07 - PHP Notice:  Undefined index: token in /home/qman/NetBeansProjects/code/PhpProject1/opencart/mobile/controller/error/not_found.php on line 16
2016-11-15 6:42:07 - PHP Notice:  Undefined index: token in /home/qman/NetBeansProjects/code/PhpProject1/opencart/mobile/controller/error/not_found.php on line 21
2016-11-15 6:42:38 - PHP Notice:  Undefined index: token in /home/qman/NetBeansProjects/code/PhpProject1/opencart/mobile/controller/error/not_found.php on line 16
2016-11-15 6:42:38 - PHP Notice:  Undefined index: token in /home/qman/NetBeansProjects/code/PhpProject1/opencart/mobile/controller/error/not_found.php on line 21
2016-11-15 6:48:18 - PHP Notice:  Undefined index: token in /home/qman/NetBeansProjects/code/PhpProject1/opencart/mobile/controller/error/not_found.php on line 16
2016-11-15 6:48:18 - PHP Notice:  Undefined index: token in /home/qman/NetBeansProjects/code/PhpProject1/opencart/mobile/controller/error/not_found.php on line 21
2016-11-15 6:48:27 - PHP Notice:  Undefined index: token in /home/qman/NetBeansProjects/code/PhpProject1/opencart/mobile/controller/error/not_found.php on line 16
2016-11-15 6:48:27 - PHP Notice:  Undefined index: token in /home/qman/NetBeansProjects/code/PhpProject1/opencart/mobile/controller/error/not_found.php on line 21
2016-11-15 6:48:30 - PHP Notice:  Undefined index: token in /home/qman/NetBeansProjects/code/PhpProject1/opencart/mobile/controller/error/not_found.php on line 16
2016-11-15 6:48:30 - PHP Notice:  Undefined index: token in /home/qman/NetBeansProjects/code/PhpProject1/opencart/mobile/controller/error/not_found.php on line 21
2016-11-15 6:48:54 - PHP Notice:  Undefined index: token in /home/qman/NetBeansProjects/code/PhpProject1/opencart/mobile/controller/error/not_found.php on line 16
2016-11-15 6:48:54 - PHP Notice:  Undefined index: token in /home/qman/NetBeansProjects/code/PhpProject1/opencart/mobile/controller/error/not_found.php on line 21
2016-11-15 6:49:34 - PHP Notice:  Undefined index: token in /home/qman/NetBeansProjects/code/PhpProject1/opencart/mobile/controller/error/not_found.php on line 16
2016-11-15 6:49:34 - PHP Notice:  Undefined index: token in /home/qman/NetBeansProjects/code/PhpProject1/opencart/mobile/controller/error/not_found.php on line 21
2016-11-15 6:52:10 - PHP Notice:  Undefined index: token in /home/qman/NetBeansProjects/code/PhpProject1/opencart/mobile/controller/error/not_found.php on line 16
2016-11-15 6:52:10 - PHP Notice:  Undefined index: token in /home/qman/NetBeansProjects/code/PhpProject1/opencart/mobile/controller/error/not_found.php on line 21
2016-11-15 6:52:12 - PHP Notice:  Undefined index: token in /home/qman/NetBeansProjects/code/PhpProject1/opencart/mobile/controller/error/not_found.php on line 16
2016-11-15 6:52:12 - PHP Notice:  Undefined index: token in /home/qman/NetBeansProjects/code/PhpProject1/opencart/mobile/controller/error/not_found.php on line 21
2016-11-15 6:52:21 - PHP Notice:  Undefined index: token in /home/qman/NetBeansProjects/code/PhpProject1/opencart/mobile/controller/error/not_found.php on line 16
2016-11-15 6:52:21 - PHP Notice:  Undefined index: token in /home/qman/NetBeansProjects/code/PhpProject1/opencart/mobile/controller/error/not_found.php on line 21
2016-11-15 6:53:18 - PHP Notice:  Undefined index: token in /home/qman/NetBeansProjects/code/PhpProject1/opencart/mobile/controller/error/not_found.php on line 16
2016-11-15 6:53:18 - PHP Notice:  Undefined index: token in /home/qman/NetBeansProjects/code/PhpProject1/opencart/mobile/controller/error/not_found.php on line 21
2016-11-15 6:53:19 - PHP Notice:  Undefined index: token in /home/qman/NetBeansProjects/code/PhpProject1/opencart/mobile/controller/error/not_found.php on line 16
2016-11-15 6:53:19 - PHP Notice:  Undefined index: token in /home/qman/NetBeansProjects/code/PhpProject1/opencart/mobile/controller/error/not_found.php on line 21
2016-11-15 6:53:21 - PHP Notice:  Undefined index: token in /home/qman/NetBeansProjects/code/PhpProject1/opencart/mobile/controller/error/not_found.php on line 16
2016-11-15 6:53:21 - PHP Notice:  Undefined index: token in /home/qman/NetBeansProjects/code/PhpProject1/opencart/mobile/controller/error/not_found.php on line 21
2016-11-15 6:53:22 - PHP Notice:  Undefined index: token in /home/qman/NetBeansProjects/code/PhpProject1/opencart/mobile/controller/error/not_found.php on line 16
2016-11-15 6:53:22 - PHP Notice:  Undefined index: token in /home/qman/NetBeansProjects/code/PhpProject1/opencart/mobile/controller/error/not_found.php on line 21
2016-11-15 6:53:22 - PHP Notice:  Undefined index: token in /home/qman/NetBeansProjects/code/PhpProject1/opencart/mobile/controller/error/not_found.php on line 16
2016-11-15 6:53:22 - PHP Notice:  Undefined index: token in /home/qman/NetBeansProjects/code/PhpProject1/opencart/mobile/controller/error/not_found.php on line 21
2016-11-15 6:53:22 - PHP Notice:  Undefined index: token in /home/qman/NetBeansProjects/code/PhpProject1/opencart/mobile/controller/error/not_found.php on line 16
2016-11-15 6:53:22 - PHP Notice:  Undefined index: token in /home/qman/NetBeansProjects/code/PhpProject1/opencart/mobile/controller/error/not_found.php on line 21
2016-11-15 6:53:24 - PHP Notice:  Undefined index: token in /home/qman/NetBeansProjects/code/PhpProject1/opencart/mobile/controller/error/not_found.php on line 16
2016-11-15 6:53:24 - PHP Notice:  Undefined index: token in /home/qman/NetBeansProjects/code/PhpProject1/opencart/mobile/controller/error/not_found.php on line 21
2016-11-15 6:53:44 - PHP Notice:  Undefined index: token in /home/qman/NetBeansProjects/code/PhpProject1/opencart/mobile/controller/error/not_found.php on line 16
2016-11-15 6:53:44 - PHP Notice:  Undefined index: token in /home/qman/NetBeansProjects/code/PhpProject1/opencart/mobile/controller/error/not_found.php on line 21
2016-11-15 6:54:58 - PHP Notice:  Undefined index: token in /home/qman/NetBeansProjects/code/PhpProject1/opencart/mobile/controller/error/not_found.php on line 16
2016-11-15 6:54:58 - PHP Notice:  Undefined index: token in /home/qman/NetBeansProjects/code/PhpProject1/opencart/mobile/controller/error/not_found.php on line 21
2016-11-15 6:55:15 - PHP Notice:  Undefined index: token in /home/qman/NetBeansProjects/code/PhpProject1/opencart/mobile/controller/error/not_found.php on line 16
2016-11-15 6:55:15 - PHP Notice:  Undefined index: token in /home/qman/NetBeansProjects/code/PhpProject1/opencart/mobile/controller/error/not_found.php on line 21
2016-11-15 6:57:00 - PHP Notice:  Undefined index: token in /home/qman/NetBeansProjects/code/PhpProject1/opencart/mobile/controller/error/not_found.php on line 16
2016-11-15 6:57:00 - PHP Notice:  Undefined index: token in /home/qman/NetBeansProjects/code/PhpProject1/opencart/mobile/controller/error/not_found.php on line 21
2016-11-15 6:57:01 - PHP Notice:  Undefined index: token in /home/qman/NetBeansProjects/code/PhpProject1/opencart/mobile/controller/error/not_found.php on line 16
2016-11-15 6:57:01 - PHP Notice:  Undefined index: token in /home/qman/NetBeansProjects/code/PhpProject1/opencart/mobile/controller/error/not_found.php on line 21
2016-11-15 6:57:16 - PHP Notice:  Undefined index: token in /home/qman/NetBeansProjects/code/PhpProject1/opencart/mobile/controller/error/not_found.php on line 16
2016-11-15 6:57:16 - PHP Notice:  Undefined index: token in /home/qman/NetBeansProjects/code/PhpProject1/opencart/mobile/controller/error/not_found.php on line 21
2016-11-15 6:57:22 - PHP Notice:  Undefined index: token in /home/qman/NetBeansProjects/code/PhpProject1/opencart/mobile/controller/error/not_found.php on line 16
2016-11-15 6:57:22 - PHP Notice:  Undefined index: token in /home/qman/NetBeansProjects/code/PhpProject1/opencart/mobile/controller/error/not_found.php on line 21
2016-11-15 6:57:27 - PHP Notice:  Undefined index: token in /home/qman/NetBeansProjects/code/PhpProject1/opencart/mobile/controller/error/not_found.php on line 16
2016-11-15 6:57:27 - PHP Notice:  Undefined index: token in /home/qman/NetBeansProjects/code/PhpProject1/opencart/mobile/controller/error/not_found.php on line 21
2016-11-15 6:57:31 - PHP Notice:  Undefined index: token in /home/qman/NetBeansProjects/code/PhpProject1/opencart/mobile/controller/error/not_found.php on line 16
2016-11-15 6:57:31 - PHP Notice:  Undefined index: token in /home/qman/NetBeansProjects/code/PhpProject1/opencart/mobile/controller/error/not_found.php on line 21
2016-11-15 6:57:35 - PHP Notice:  Undefined index: token in /home/qman/NetBeansProjects/code/PhpProject1/opencart/mobile/controller/error/not_found.php on line 16
2016-11-15 6:57:35 - PHP Notice:  Undefined index: token in /home/qman/NetBeansProjects/code/PhpProject1/opencart/mobile/controller/error/not_found.php on line 21
2016-11-15 6:57:39 - PHP Notice:  Undefined index: token in /home/qman/NetBeansProjects/code/PhpProject1/opencart/mobile/controller/error/not_found.php on line 16
2016-11-15 6:57:39 - PHP Notice:  Undefined index: token in /home/qman/NetBeansProjects/code/PhpProject1/opencart/mobile/controller/error/not_found.php on line 21
2016-11-15 6:58:00 - PHP Notice:  Undefined index: token in /home/qman/NetBeansProjects/code/PhpProject1/opencart/mobile/controller/error/not_found.php on line 16
2016-11-15 6:58:00 - PHP Notice:  Undefined index: token in /home/qman/NetBeansProjects/code/PhpProject1/opencart/mobile/controller/error/not_found.php on line 21
2016-11-15 6:58:05 - PHP Notice:  Undefined index: token in /home/qman/NetBeansProjects/code/PhpProject1/opencart/mobile/controller/error/not_found.php on line 16
2016-11-15 6:58:05 - PHP Notice:  Undefined index: token in /home/qman/NetBeansProjects/code/PhpProject1/opencart/mobile/controller/error/not_found.php on line 21
2016-11-15 6:58:10 - PHP Notice:  Undefined index: token in /home/qman/NetBeansProjects/code/PhpProject1/opencart/mobile/controller/error/not_found.php on line 16
2016-11-15 6:58:10 - PHP Notice:  Undefined index: token in /home/qman/NetBeansProjects/code/PhpProject1/opencart/mobile/controller/error/not_found.php on line 21
2016-11-15 6:58:14 - PHP Notice:  Undefined index: token in /home/qman/NetBeansProjects/code/PhpProject1/opencart/mobile/controller/error/not_found.php on line 16
2016-11-15 6:58:14 - PHP Notice:  Undefined index: token in /home/qman/NetBeansProjects/code/PhpProject1/opencart/mobile/controller/error/not_found.php on line 21
2016-11-15 6:58:17 - PHP Notice:  Undefined index: token in /home/qman/NetBeansProjects/code/PhpProject1/opencart/mobile/controller/error/not_found.php on line 16
2016-11-15 6:58:17 - PHP Notice:  Undefined index: token in /home/qman/NetBeansProjects/code/PhpProject1/opencart/mobile/controller/error/not_found.php on line 21
2016-11-15 7:31:57 - PHP Warning:  mysqli::query(): MySQL server has gone away in /home/qman/NetBeansProjects/code/PhpProject1/opencart/system/library/db/mysqli.php on line 18
2016-11-15 7:31:57 - PHP Warning:  mysqli::query(): Error reading result set's header in /home/qman/NetBeansProjects/code/PhpProject1/opencart/system/library/db/mysqli.php on line 18
2016-11-15 8:19:30 - PHP Notice:  Undefined variable: getid in /home/qman/NetBeansProjects/code/PhpProject1/opencart/catalog/view/theme/default/template/mytest/mytest.tpl on line 12
2016-11-15 8:20:00 - PHP Notice:  Undefined variable: getid in /home/qman/NetBeansProjects/code/PhpProject1/opencart/catalog/view/theme/default/template/mytest/mytest.tpl on line 12
2016-11-15 8:20:03 - PHP Notice:  Undefined variable: getid in /home/qman/NetBeansProjects/code/PhpProject1/opencart/catalog/view/theme/default/template/mytest/mytest.tpl on line 12
